Sun Feb 07 17:17:14 Loaded file E:\INSTALLATION ROOT\ORCAD 9.2\LAYOUT_PLUS\LIBRARY\BCON100T.LLB
Sun Feb 07 17:17:14 Loaded file E:\INSTALLATION ROOT\ORCAD 9.2\LAYOUT_PLUS\LIBRARY\BCON156T.LLB
Sun Feb 07 17:17:14 Loaded file E:\INSTALLATION ROOT\ORCAD 9.2\LAYOUT_PLUS\LIBRARY\BGA.LLB
Sun Feb 07 17:17:14 Loaded file E:\INSTALLATION ROOT\ORCAD 9.2\LAYOUT_PLUS\LIBRARY\CLCC.LLB
Sun Feb 07 17:17:14 Loaded file E:\INSTALLATION ROOT\ORCAD 9.2\LAYOUT_PLUS\LIBRARY\DCON050T.LLB
Sun Feb 07 17:17:14 Loaded file E:\INSTALLATION ROOT\ORCAD 9.2\LAYOUT_PLUS\LIBRARY\DCON085T.LLB
Sun Feb 07 17:17:14 Loaded file E:\INSTALLATION ROOT\ORCAD 9.2\LAYOUT_PLUS\LIBRARY\DIMM050F.LLB
Sun Feb 07 17:17:14 Loaded file E:\INSTALLATION ROOT\ORCAD 9.2\LAYOUT_PLUS\LIBRARY\DIMM050T.LLB
Sun Feb 07 17:17:14 Loaded file E:\INSTALLATION ROOT\ORCAD 9.2\LAYOUT_PLUS\LIBRARY\DIN.LLB
Sun Feb 07 17:17:14 Loaded file E:\INSTALLATION ROOT\ORCAD 9.2\LAYOUT_PLUS\LIBRARY\DIP100B.LLB
Sun Feb 07 17:17:14 Loaded file E:\INSTALLATION ROOT\ORCAD 9.2\LAYOUT_PLUS\LIBRARY\DIP100T.LLB
Sun Feb 07 17:17:15 Loaded file E:\INSTALLATION ROOT\ORCAD 9.2\LAYOUT_PLUS\LIBRARY\DSUBT.LLB
Sun Feb 07 17:17:15 Loaded file E:\INSTALLATION ROOT\ORCAD 9.2\LAYOUT_PLUS\LIBRARY\DSUBT_HD.LLB
Sun Feb 07 17:17:15 Loaded file E:\INSTALLATION ROOT\ORCAD 9.2\LAYOUT_PLUS\LIBRARY\ECON100T.LLB
Sun Feb 07 17:17:15 Loaded file E:\INSTALLATION ROOT\ORCAD 9.2\LAYOUT_PLUS\LIBRARY\EMPTY.LLB
Sun Feb 07 17:17:15 Loaded file E:\INSTALLATION ROOT\ORCAD 9.2\LAYOUT_PLUS\LIBRARY\EX_GUI.LLB
Sun Feb 07 17:17:15 Loaded file E:\INSTALLATION ROOT\ORCAD 9.2\LAYOUT_PLUS\LIBRARY\FBUS.LLB
Sun Feb 07 17:17:15 Loaded file E:\INSTALLATION ROOT\ORCAD 9.2\LAYOUT_PLUS\LIBRARY\ISA.LLB
Sun Feb 07 17:17:15 Loaded file E:\INSTALLATION ROOT\ORCAD 9.2\LAYOUT_PLUS\LIBRARY\JUMPER.LLB
Sun Feb 07 17:17:15 Loaded file E:\INSTALLATION ROOT\ORCAD 9.2\LAYOUT_PLUS\LIBRARY\LAYOUT.LLB
Sun Feb 07 17:17:15 Loaded file E:\INSTALLATION ROOT\ORCAD 9.2\LAYOUT_PLUS\LIBRARY\LCON100T.LLB
Sun Feb 07 17:17:15 Loaded file E:\INSTALLATION ROOT\ORCAD 9.2\LAYOUT_PLUS\LIBRARY\METRIC.LLB
Sun Feb 07 17:17:15 Loaded file E:\INSTALLATION ROOT\ORCAD 9.2\LAYOUT_PLUS\LIBRARY\PADSTACK.LLB
Sun Feb 07 17:17:15 Loaded file E:\INSTALLATION ROOT\ORCAD 9.2\LAYOUT_PLUS\LIBRARY\PC104.LLB
Sun Feb 07 17:17:15 Loaded file E:\INSTALLATION ROOT\ORCAD 9.2\LAYOUT_PLUS\LIBRARY\PCI.LLB
Sun Feb 07 17:17:15 Loaded file E:\INSTALLATION ROOT\ORCAD 9.2\LAYOUT_PLUS\LIBRARY\PCON100T.LLB
Sun Feb 07 17:17:15 Loaded file E:\INSTALLATION ROOT\ORCAD 9.2\LAYOUT_PLUS\LIBRARY\PCON156T.LLB
Sun Feb 07 17:17:15 Loaded file E:\INSTALLATION ROOT\ORCAD 9.2\LAYOUT_PLUS\LIBRARY\PGA.LLB
Sun Feb 07 17:17:15 Loaded file E:\INSTALLATION ROOT\ORCAD 9.2\LAYOUT_PLUS\LIBRARY\PLCC.LLB
Sun Feb 07 17:17:15 Loaded file E:\INSTALLATION ROOT\ORCAD 9.2\LAYOUT_PLUS\LIBRARY\QUAD.LLB
Sun Feb 07 17:17:15 Loaded file E:\INSTALLATION ROOT\ORCAD 9.2\LAYOUT_PLUS\LIBRARY\QUADB.LLB
Sun Feb 07 17:17:15 Loaded file E:\INSTALLATION ROOT\ORCAD 9.2\LAYOUT_PLUS\LIBRARY\RELAY.LLB
Sun Feb 07 17:17:15 Loaded file E:\INSTALLATION ROOT\ORCAD 9.2\LAYOUT_PLUS\LIBRARY\RF.LLB
Sun Feb 07 17:17:15 Loaded file E:\INSTALLATION ROOT\ORCAD 9.2\LAYOUT_PLUS\LIBRARY\SBUS.LLB
Sun Feb 07 17:17:15 Loaded file E:\INSTALLATION ROOT\ORCAD 9.2\LAYOUT_PLUS\LIBRARY\SIMM050F.LLB
Sun Feb 07 17:17:15 Loaded file E:\INSTALLATION ROOT\ORCAD 9.2\LAYOUT_PLUS\LIBRARY\SIMM050T.LLB
Sun Feb 07 17:17:15 Loaded file E:\INSTALLATION ROOT\ORCAD 9.2\LAYOUT_PLUS\LIBRARY\SIMM100F.LLB
Sun Feb 07 17:17:15 Loaded file E:\INSTALLATION ROOT\ORCAD 9.2\LAYOUT_PLUS\LIBRARY\SIMM100T.LLB
Sun Feb 07 17:17:15 Loaded file E:\INSTALLATION ROOT\ORCAD 9.2\LAYOUT_PLUS\LIBRARY\SIP.LLB
Sun Feb 07 17:17:16 Loaded file E:\INSTALLATION ROOT\ORCAD 9.2\LAYOUT_PLUS\LIBRARY\SM.LLB
Sun Feb 07 17:17:16 Loaded file E:\INSTALLATION ROOT\ORCAD 9.2\LAYOUT_PLUS\LIBRARY\SOG.LLB
Sun Feb 07 17:17:16 Loaded file E:\INSTALLATION ROOT\ORCAD 9.2\LAYOUT_PLUS\LIBRARY\SOJ.LLB
Sun Feb 07 17:17:16 Loaded file E:\INSTALLATION ROOT\ORCAD 9.2\LAYOUT_PLUS\LIBRARY\STIFF.LLB
Sun Feb 07 17:17:16 Loaded file E:\INSTALLATION ROOT\ORCAD 9.2\LAYOUT_PLUS\LIBRARY\TELE.LLB
Sun Feb 07 17:17:16 Loaded file E:\INSTALLATION ROOT\ORCAD 9.2\LAYOUT_PLUS\LIBRARY\TM_AXIAL.LLB
Sun Feb 07 17:17:16 Loaded file E:\INSTALLATION ROOT\ORCAD 9.2\LAYOUT_PLUS\LIBRARY\TM_CAP_P.LLB
Sun Feb 07 17:17:16 Loaded file E:\INSTALLATION ROOT\ORCAD 9.2\LAYOUT_PLUS\LIBRARY\TM_CYLND.LLB
Sun Feb 07 17:17:16 Loaded file E:\INSTALLATION ROOT\ORCAD 9.2\LAYOUT_PLUS\LIBRARY\TM_DIODE.LLB
Sun Feb 07 17:17:16 Loaded file E:\INSTALLATION ROOT\ORCAD 9.2\LAYOUT_PLUS\LIBRARY\TM_DISC.LLB
Sun Feb 07 17:17:16 Loaded file E:\INSTALLATION ROOT\ORCAD 9.2\LAYOUT_PLUS\LIBRARY\TM_RAD.LLB
Sun Feb 07 17:17:16 Loaded file E:\INSTALLATION ROOT\ORCAD 9.2\LAYOUT_PLUS\LIBRARY\TO.LLB
Sun Feb 07 17:17:16 Loaded file E:\INSTALLATION ROOT\ORCAD 9.2\LAYOUT_PLUS\LIBRARY\TRAINING.LLB
Sun Feb 07 17:17:16 Loaded file E:\INSTALLATION ROOT\ORCAD 9.2\LAYOUT_PLUS\LIBRARY\VRES.LLB
Sun Feb 07 17:17:16 Loaded file E:\INSTALLATION ROOT\ORCAD 9.2\LAYOUT_PLUS\LIBRARY\WCON100T.LLB
Sun Feb 07 17:17:16 Loaded file E:\INSTALLATION ROOT\ORCAD 9.2\LAYOUT_PLUS\LIBRARY\XT.LLB
Sun Feb 07 17:17:16 Loaded file E:\INSTALLATION ROOT\ORCAD 9.2\LAYOUT_PLUS\LIBRARY\ZIGZAG.LLB
